2021-07-27 21:19:24,389 - ---------loading Dataset----------
2021-07-27 21:19:35,114 - ---------initialize model----------
2021-07-27 21:20:02,193 - ---------loading Dataset----------
2021-07-27 21:20:13,466 - ---------initialize model----------
2021-07-27 21:20:53,650 - ---------loading Dataset----------
2021-07-27 21:21:04,325 - ---------initialize model----------
2021-07-27 21:21:07,007 - ---------initialize parameter----------
2021-07-27 21:21:07,007 - ---------begin to train IP dateset----------
2021-07-27 21:21:24,968 - ---------save model----------
2021-07-27 21:21:24,975 - ---------plot loss and accuracy----------
2021-07-27 21:21:25,287 - ---------Log results----------
2021-07-27 21:26:30,671 - ---------loading Dataset----------
2021-07-27 21:27:53,316 - ---------loading Dataset----------
2021-07-27 21:29:54,755 - ---------loading Dataset----------
2021-07-27 21:30:40,157 - ---------loading Dataset----------
2021-07-27 21:32:14,055 - ---------loading Dataset----------
2021-07-27 21:34:06,143 - ---------loading Dataset----------
2021-07-27 21:34:19,932 - ---------loading Dataset----------
2021-07-27 21:34:30,702 - ---------initialize model----------
2021-07-27 21:34:33,418 - ---------initialize parameter----------
2021-07-27 21:34:33,418 - ---------begin to train IP dateset----------
2021-07-28 14:36:20,199 - ---------loading Dataset----------
2021-07-28 14:36:31,131 - ---------initialize model----------
2021-07-28 14:36:35,418 - ---------initialize parameter----------
2021-07-28 14:36:35,418 - ---------begin to train IP dateset----------
2021-07-28 15:06:16,474 - ---------save model----------
2021-07-28 15:06:16,482 - ---------plot loss and accuracy----------
2021-07-28 15:06:16,791 - ---------Log results----------
2021-07-28 21:49:59,861 - ---------loading Dataset----------
2021-07-28 21:50:07,820 - ---------initialize model----------
2021-07-28 21:50:10,447 - ---------initialize parameter----------
2021-07-28 21:50:10,447 - ---------begin to train KSC dateset----------
2021-07-28 21:52:04,383 - ---------loading Dataset----------
2021-07-28 21:52:12,389 - ---------initialize model----------
2021-07-28 21:52:15,019 - ---------initialize parameter----------
2021-07-28 21:52:15,019 - ---------begin to train KSC dateset----------
2021-07-28 21:55:30,009 - ---------save model----------
2021-07-28 21:55:30,016 - ---------plot loss and accuracy----------
2021-07-28 21:55:30,345 - ---------Log results----------
2021-07-28 22:08:53,270 - ---------loading Dataset----------
2021-07-28 22:09:11,743 - ---------loading Dataset----------
2021-07-28 22:09:37,081 - ---------initialize model----------
2021-07-28 22:09:39,856 - ---------initialize parameter----------
2021-07-28 22:09:39,856 - ---------begin to train pu dateset----------
2021-07-29 09:13:34,325 - ---------loading Dataset----------
2021-07-29 09:13:58,784 - ---------initialize model----------
2021-07-29 09:14:03,294 - ---------initialize parameter----------
2021-07-29 09:14:03,294 - ---------begin to train PU dateset----------
2021-07-29 09:33:38,149 - ---------save model----------
2021-07-29 09:33:38,157 - ---------plot loss and accuracy----------
2021-07-29 09:33:38,550 - ---------Log results----------
2021-07-29 17:53:14,037 - ---------loading Dataset----------
2021-07-29 17:54:33,420 - ---------loading Dataset----------
2021-07-29 17:54:58,119 - ---------initialize model----------
2021-07-29 17:55:00,821 - ---------initialize parameter----------
2021-07-29 17:55:00,822 - ---------begin to train PU dateset----------
2021-07-29 18:17:36,293 - ---------save model----------
2021-07-29 18:17:36,299 - ---------plot loss and accuracy----------
2021-07-29 18:17:36,590 - ---------Log results----------
2021-07-29 19:34:33,822 - ---------loading Dataset----------
2021-07-29 19:34:41,784 - ---------initialize model----------
2021-07-29 19:34:44,408 - ---------initialize parameter----------
2021-07-29 19:34:44,408 - ---------begin to train KSC dateset----------
2021-07-29 19:37:52,552 - ---------save model----------
2021-07-29 19:37:52,559 - ---------plot loss and accuracy----------
2021-07-29 19:37:52,839 - ---------Log results----------
2021-07-29 19:40:16,689 - ---------loading Dataset----------
2021-07-29 19:41:02,922 - ---------loading Dataset----------
2021-07-29 19:41:12,068 - ---------initialize model----------
2021-07-29 19:41:14,753 - ---------initialize parameter----------
2021-07-29 19:41:14,753 - ---------begin to train IN dateset----------
2021-07-29 19:47:27,913 - ---------save model----------
2021-07-29 19:47:27,921 - ---------plot loss and accuracy----------
2021-07-29 19:47:28,201 - ---------Log results----------
2022-05-08 13:33:47,518 - ---------loading Dataset----------
2022-05-08 13:34:34,036 - ---------loading Dataset----------
2022-05-08 13:34:45,639 - ---------initialize model----------
2022-05-08 13:35:07,109 - ---------loading Dataset----------
2022-05-08 13:35:18,417 - ---------initialize model----------
2022-05-08 13:35:18,451 - ---------initialize parameter----------
2022-05-08 13:35:18,451 - ---------begin to train IN dateset----------
2022-05-08 14:11:51,128 - ---------save model----------
2022-05-08 14:11:51,129 - ---------plot loss and accuracy----------
2022-05-08 14:11:51,722 - ---------Log results----------
2022-05-08 20:49:31,370 - ---------loading Dataset----------
2022-05-08 20:49:42,765 - ---------initialize model----------
2022-05-08 20:49:42,871 - ---------initialize parameter----------
2022-05-08 20:49:42,871 - ---------begin to train IN dateset----------
2022-05-08 21:03:48,715 - ---------save model----------
2022-05-08 21:03:48,732 - ---------plot loss and accuracy----------
2022-05-08 21:03:49,442 - ---------Log results----------
2022-05-09 06:17:45,487 - ---------loading Dataset----------
2022-05-09 06:17:56,721 - ---------initialize model----------
2022-05-09 06:17:56,830 - ---------initialize parameter----------
2022-05-09 06:17:56,830 - ---------begin to train IN dateset----------
2022-05-09 06:26:10,086 - ---------save model----------
2022-05-09 06:26:10,098 - ---------plot loss and accuracy----------
2022-05-09 06:26:10,700 - ---------Log results----------
2022-05-09 06:32:02,055 - ---------loading Dataset----------
2022-05-09 06:32:13,098 - ---------initialize model----------
2022-05-09 06:32:13,122 - ---------initialize parameter----------
2022-05-09 06:32:13,122 - ---------begin to train IN dateset----------
2022-05-09 07:15:42,421 - ---------save model----------
2022-05-09 07:15:42,451 - ---------plot loss and accuracy----------
2022-05-09 07:15:43,524 - ---------Log results----------
2022-05-09 08:12:53,343 - ---------loading Dataset----------
2022-05-09 08:13:04,210 - ---------initialize model----------
2022-05-09 08:13:39,943 - ---------loading Dataset----------
2022-05-09 08:13:50,842 - ---------initialize model----------
2022-05-09 08:18:00,389 - ---------loading Dataset----------
2022-05-09 08:18:11,524 - ---------initialize model----------
2022-05-09 08:18:51,776 - ---------loading Dataset----------
2022-05-09 08:19:02,884 - ---------initialize model----------
2022-05-09 08:58:08,854 - ---------loading Dataset----------
2022-05-09 08:58:22,476 - ---------initialize model----------
2022-05-09 08:58:51,788 - ---------loading Dataset----------
2022-05-09 08:59:04,138 - ---------initialize model----------
2022-05-09 09:00:11,941 - ---------loading Dataset----------
2022-05-09 09:00:23,074 - ---------initialize model----------
2022-05-09 09:11:16,933 - ---------loading Dataset----------
2022-05-09 09:11:30,172 - ---------initialize model----------
2022-05-09 09:15:41,396 - ---------loading Dataset----------
2022-05-09 09:15:53,290 - ---------initialize model----------
2022-05-09 09:19:04,258 - ---------loading Dataset----------
2022-05-09 09:19:15,439 - ---------initialize model----------
2022-05-09 09:19:15,485 - ---------initialize parameter----------
2022-05-09 09:19:15,485 - ---------begin to train IN dateset----------
2022-05-09 09:21:47,888 - ---------loading Dataset----------
2022-05-09 09:21:58,897 - ---------initialize model----------
2022-05-09 09:22:12,488 - ---------loading Dataset----------
2022-05-09 09:22:23,455 - ---------initialize model----------
2022-05-09 09:22:23,487 - ---------initialize parameter----------
2022-05-09 09:22:23,488 - ---------begin to train IN dateset----------
2022-05-09 09:24:17,151 - ---------loading Dataset----------
2022-05-09 09:24:28,738 - ---------initialize model----------
2022-05-09 09:24:28,771 - ---------initialize parameter----------
2022-05-09 09:24:28,771 - ---------begin to train IN dateset----------
2022-05-09 09:25:58,149 - ---------loading Dataset----------
2022-05-09 09:26:10,052 - ---------initialize model----------
2022-05-09 09:26:58,425 - ---------loading Dataset----------
2022-05-09 09:27:10,032 - ---------initialize model----------
2022-05-09 09:27:10,063 - ---------initialize parameter----------
2022-05-09 09:27:10,063 - ---------begin to train IN dateset----------
2022-05-09 09:27:23,531 - ---------loading Dataset----------
2022-05-09 09:27:34,696 - ---------initialize model----------
2022-05-09 09:29:46,051 - ---------loading Dataset----------
2022-05-09 09:29:58,829 - ---------initialize model----------
2022-05-09 09:29:58,864 - ---------initialize parameter----------
2022-05-09 09:29:58,864 - ---------begin to train IN dateset----------
2022-05-09 09:31:04,667 - ---------loading Dataset----------
2022-05-09 09:31:15,741 - ---------initialize model----------
2022-05-09 09:32:19,108 - ---------loading Dataset----------
2022-05-09 09:32:31,312 - ---------initialize model----------
2022-05-09 09:32:31,337 - ---------initialize parameter----------
2022-05-09 09:32:31,337 - ---------begin to train IN dateset----------
2022-05-09 09:34:06,995 - ---------loading Dataset----------
2022-05-09 09:34:17,839 - ---------initialize model----------
2022-05-09 09:34:46,114 - ---------loading Dataset----------
2022-05-09 09:34:57,534 - ---------initialize model----------
2022-05-09 09:35:01,592 - ---------loading Dataset----------
2022-05-09 09:35:12,635 - ---------initialize model----------
2022-05-09 09:40:14,545 - ---------loading Dataset----------
2022-05-09 09:40:25,539 - ---------initialize model----------
2022-05-09 09:40:25,571 - ---------initialize parameter----------
2022-05-09 09:40:25,571 - ---------begin to train IN dateset----------
2022-05-09 09:42:59,126 - ---------loading Dataset----------
2022-05-09 09:43:10,263 - ---------initialize model----------
2022-05-09 10:00:20,048 - ---------loading Dataset----------
2022-05-09 10:00:32,466 - ---------initialize model----------
2022-05-09 10:00:32,492 - ---------initialize parameter----------
2022-05-09 10:00:32,492 - ---------begin to train IN dateset----------
2022-05-09 10:11:08,634 - ---------loading Dataset----------
2022-05-09 10:11:19,625 - ---------initialize model----------
2022-05-09 10:12:39,291 - ---------loading Dataset----------
2022-05-09 10:12:51,737 - ---------initialize model----------
2022-05-09 10:12:51,786 - ---------initialize parameter----------
2022-05-09 10:12:51,786 - ---------begin to train IN dateset----------
2022-05-09 10:18:00,146 - ---------loading Dataset----------
2022-05-09 10:18:11,447 - ---------initialize model----------
2022-05-09 10:18:11,479 - ---------initialize parameter----------
2022-05-09 10:18:11,479 - ---------begin to train IN dateset----------
2022-05-09 10:23:13,900 - ---------loading Dataset----------
2022-05-09 10:23:25,001 - ---------initialize model----------
2022-05-09 10:23:25,033 - ---------initialize parameter----------
2022-05-09 10:23:25,033 - ---------begin to train IN dateset----------
2022-05-09 10:40:44,728 - ---------loading Dataset----------
2022-05-09 10:40:57,646 - ---------initialize model----------
2022-05-09 10:41:17,291 - ---------loading Dataset----------
2022-05-09 10:41:32,636 - ---------initialize model----------
2022-05-09 10:41:32,678 - ---------initialize parameter----------
2022-05-09 10:41:32,678 - ---------begin to train IN dateset----------
2022-05-09 20:05:55,100 - ---------loading Dataset----------
2022-05-09 20:06:02,589 - ---------initialize model----------
2022-05-09 20:06:02,602 - ---------initialize parameter----------
2022-05-09 20:06:02,602 - ---------begin to train IN dateset----------
2022-05-09 20:13:36,271 - ---------loading Dataset----------
2022-05-09 20:13:43,337 - ---------initialize model----------
2022-05-09 20:13:43,349 - ---------initialize parameter----------
2022-05-09 20:13:43,350 - ---------begin to train IN dateset----------
2022-05-09 20:21:51,935 - ---------loading Dataset----------
2022-05-09 20:21:59,322 - ---------initialize model----------
2022-05-09 20:21:59,335 - ---------initialize parameter----------
2022-05-09 20:21:59,335 - ---------begin to train IN dateset----------
2022-05-09 20:30:04,403 - ---------loading Dataset----------
2022-05-09 20:30:12,102 - ---------initialize model----------
2022-05-09 20:30:12,114 - ---------initialize parameter----------
2022-05-09 20:30:12,114 - ---------begin to train IN dateset----------
2022-05-09 20:39:43,145 - ---------save model----------
2022-05-09 20:39:43,149 - ---------plot loss and accuracy----------
2022-05-09 20:39:43,979 - ---------Log results----------
2022-05-09 20:39:48,371 - ---------loading Dataset----------
2022-05-09 20:39:55,673 - ---------initialize model----------
2022-05-09 20:39:55,688 - ---------initialize parameter----------
2022-05-09 20:39:55,688 - ---------begin to train IN dateset----------
2022-05-09 20:46:43,314 - ---------save model----------
2022-05-09 20:46:43,318 - ---------plot loss and accuracy----------
2022-05-09 20:46:43,630 - ---------Log results----------
2022-05-09 20:46:47,318 - ---------loading Dataset----------
2022-05-09 20:46:54,597 - ---------initialize model----------
2022-05-09 20:46:54,610 - ---------initialize parameter----------
2022-05-09 20:46:54,610 - ---------begin to train IN dateset----------
2022-05-09 20:55:07,823 - ---------save model----------
2022-05-09 20:55:07,827 - ---------plot loss and accuracy----------
2022-05-09 20:55:08,141 - ---------Log results----------
2022-05-09 20:55:11,935 - ---------loading Dataset----------
2022-05-09 20:55:19,314 - ---------initialize model----------
2022-05-09 20:55:19,331 - ---------initialize parameter----------
2022-05-09 20:55:19,331 - ---------begin to train IN dateset----------
2022-05-09 21:04:07,401 - ---------save model----------
2022-05-09 21:04:07,405 - ---------plot loss and accuracy----------
2022-05-09 21:04:07,719 - ---------Log results----------
2022-05-09 21:04:11,753 - ---------loading Dataset----------
2022-05-09 21:04:19,177 - ---------initialize model----------
2022-05-09 21:04:19,192 - ---------initialize parameter----------
2022-05-09 21:04:19,192 - ---------begin to train IN dateset----------
2022-05-09 21:12:56,918 - ---------save model----------
2022-05-09 21:12:56,922 - ---------plot loss and accuracy----------
2022-05-09 21:12:57,255 - ---------Log results----------
2022-05-09 21:13:01,263 - ---------loading Dataset----------
2022-05-09 21:13:08,561 - ---------initialize model----------
2022-05-09 21:13:08,578 - ---------initialize parameter----------
2022-05-09 21:13:08,578 - ---------begin to train IN dateset----------
2022-05-09 21:23:15,323 - ---------save model----------
2022-05-09 21:23:15,327 - ---------plot loss and accuracy----------
2022-05-09 21:23:15,661 - ---------Log results----------
2022-05-09 21:23:20,117 - ---------loading Dataset----------
2022-05-09 21:23:27,539 - ---------initialize model----------
2022-05-09 21:23:27,554 - ---------initialize parameter----------
2022-05-09 21:23:27,555 - ---------begin to train IN dateset----------
2022-05-09 21:32:36,301 - ---------save model----------
2022-05-09 21:32:36,305 - ---------plot loss and accuracy----------
2022-05-09 21:32:36,612 - ---------Log results----------
2022-05-09 21:32:40,943 - ---------loading Dataset----------
2022-05-09 21:32:48,370 - ---------initialize model----------
2022-05-09 21:32:48,389 - ---------initialize parameter----------
2022-05-09 21:32:48,389 - ---------begin to train IN dateset----------
2022-05-09 21:43:09,628 - ---------save model----------
2022-05-09 21:43:09,632 - ---------plot loss and accuracy----------
2022-05-09 21:43:09,949 - ---------Log results----------
2022-05-10 11:04:41,941 - ---------loading Dataset----------
2022-05-10 11:04:48,994 - ---------initialize model----------
2022-05-10 11:04:49,474 - ---------initialize parameter----------
2022-05-10 11:04:49,474 - ---------begin to train IN dateset----------
2022-05-10 11:11:48,313 - ---------save model----------
2022-05-10 11:11:48,317 - ---------plot loss and accuracy----------
2022-05-10 11:11:49,296 - ---------Log results----------
2022-05-10 11:13:24,184 - ---------loading Dataset----------
2022-05-10 11:13:31,389 - ---------initialize model----------
2022-05-10 11:13:31,435 - ---------initialize parameter----------
2022-05-10 11:13:31,435 - ---------begin to train IN dateset----------
2022-05-10 11:23:09,558 - ---------save model----------
2022-05-10 11:23:09,563 - ---------plot loss and accuracy----------
2022-05-10 11:23:09,856 - ---------Log results----------
2022-05-28 22:52:21,833 - ---------loading Dataset----------
2022-05-28 22:59:28,215 - ---------loading Dataset----------
2022-05-28 22:59:49,268 - ---------loading Dataset----------
2022-05-28 23:15:00,985 - ---------loading Dataset----------
2022-05-29 09:00:32,156 - ---------loading Dataset----------
2022-05-29 09:00:39,440 - ---------initialize model----------
2022-05-29 09:00:39,452 - ---------initialize parameter----------
2022-05-29 09:00:39,452 - ---------begin to train IN dateset----------
2022-05-29 09:01:38,032 - ---------loading Dataset----------
2022-05-29 09:02:08,266 - ---------initialize model----------
2022-05-29 09:02:10,009 - ---------initialize parameter----------
2022-05-29 09:02:10,009 - ---------begin to train PU dateset----------
2022-05-29 09:03:29,167 - ---------loading Dataset----------
2022-05-29 09:03:35,135 - ---------initialize model----------
2022-05-29 09:03:35,148 - ---------initialize parameter----------
2022-05-29 09:03:35,148 - ---------begin to train KSC dateset----------
